[debug] [2019-10-07T04:32:21.838Z] ----------------------------------------------------------------------
[debug] [2019-10-07T04:32:21.840Z] Command:       C:\Program Files\nodejs\node.exe C:\Users\dexin\AppData\Roaming\npm\node_modules\firebase-tools\lib\bin\firebase.js deploy
[debug] [2019-10-07T04:32:21.840Z] CLI Version:   7.4.0
[debug] [2019-10-07T04:32:21.840Z] Platform:      win32
[debug] [2019-10-07T04:32:21.840Z] Node Version:  v10.16.3
[debug] [2019-10-07T04:32:21.841Z] Time:          Mon Oct 07 2019 15:32:21 GMT+1100 (Australian Eastern Daylight Time)
[debug] [2019-10-07T04:32:21.841Z] ----------------------------------------------------------------------
[debug] 
[debug] [2019-10-07T04:32:21.859Z] > command requires scopes: ["email","openid","https://www.googleapis.com/auth/cloudplatformprojects.readonly","https://www.googleapis.com/auth/firebase","https://www.googleapis.com/auth/cloud-platform"]
[debug] [2019-10-07T04:32:21.859Z] > authorizing via signed-in user
[debug] [2019-10-07T04:32:21.860Z] [iam] checking project anii-420 for permissions ["cloudfunctions.functions.create","cloudfunctions.functions.delete","cloudfunctions.functions.get","cloudfunctions.functions.list","cloudfunctions.functions.update","cloudfunctions.operations.get","datastore.indexes.create","datastore.indexes.delete","datastore.indexes.list","datastore.indexes.update","firebase.projects.get","firebasedatabase.instances.update","firebasehosting.sites.update","firebaserules.releases.create","firebaserules.releases.update","firebaserules.rulesets.create"]
[debug] [2019-10-07T04:32:21.861Z] > refreshing access token with scopes: ["email","https://www.googleapis.com/auth/cloud-platform","https://www.googleapis.com/auth/cloudplatformprojects.readonly","https://www.googleapis.com/auth/firebase","openid"]
[debug] [2019-10-07T04:32:21.862Z] >>> HTTP REQUEST POST https://www.googleapis.com/oauth2/v3/token  
 <request body omitted>
[debug] [2019-10-07T04:32:22.192Z] <<< HTTP RESPONSE 200
[debug] [2019-10-07T04:32:22.201Z] >>> HTTP REQUEST POST https://cloudresourcemanager.googleapis.com/v1/projects/anii-420:testIamPermissions  

[debug] [2019-10-07T04:32:23.658Z] <<< HTTP RESPONSE 200
[debug] [2019-10-07T04:32:23.661Z] >>> HTTP REQUEST GET https://firebase.googleapis.com/v1beta1/projects/anii-420  
 
[debug] [2019-10-07T04:32:24.625Z] <<< HTTP RESPONSE 200
[info] 
[info] === Deploying to 'anii-420'...
[info] 
[info] i  deploying database, storage, firestore, functions, hosting
[info] Running command: npm --prefix "$RESOURCE_DIR" run lint
[info] Running command: npm --prefix "$RESOURCE_DIR" run build
[info] +  functions: Finished running predeploy script.
[info] i  database: checking rules syntax...
[debug] [2019-10-07T04:32:33.485Z] >>> HTTP REQUEST PUT https://anii-420.firebaseio.com/.settings/rules.json?dryRun=true  
 {
  /* Visit https://firebase.google.com/docs/database/security to learn more about security rules. */
  "rules": {
    ".read": false,
    ".write": false
  }
}
[debug] [2019-10-07T04:32:34.461Z] <<< HTTP RESPONSE 200
[info] +  database: rules syntax for database anii-420 is valid
[debug] [2019-10-07T04:32:34.463Z] >>> HTTP REQUEST GET https://appengine.googleapis.com/v1/apps/anii-420  
 
[debug] [2019-10-07T04:32:36.657Z] <<< HTTP RESPONSE 200
[info] i  storage: checking storage.rules for compilation errors...
[debug] [2019-10-07T04:32:36.664Z] >>> HTTP REQUEST POST https://firebaserules.googleapis.com/v1/projects/anii-420:test  

[debug] [2019-10-07T04:32:38.670Z] <<< HTTP RESPONSE 200
[info] +  storage: rules file storage.rules compiled successfully
[info] i  firestore: checking firestore.rules for compilation errors...
[info] i  firestore: reading indexes from firestore.indexes.json...
[debug] [2019-10-07T04:32:38.694Z] >>> HTTP REQUEST POST https://firebaserules.googleapis.com/v1/projects/anii-420:test  

[debug] [2019-10-07T04:32:40.179Z] <<< HTTP RESPONSE 200
[info] +  firestore: rules file firestore.rules compiled successfully
[debug] [2019-10-07T04:32:40.188Z] > [functions] package.json contents: {
  "name": "functions",
  "scripts": {
    "lint": "tslint --project tsconfig.json",
    "build": "tsc",
    "serve": "npm run build && firebase serve --only functions",
    "shell": "npm run build && firebase functions:shell",
    "start": "npm run shell",
    "deploy": "firebase deploy --only functions",
    "logs": "firebase functions:log"
  },
  "engines": {
    "node": "8"
  },
  "main": "lib/index.js",
  "dependencies": {
    "firebase-admin": "^8.0.0",
    "firebase-functions": "^3.1.0"
  },
  "devDependencies": {
    "tslint": "^5.12.0",
    "typescript": "^3.2.2"
  },
  "private": true
}
[info] i  functions: ensuring necessary APIs are enabled...
[debug] [2019-10-07T04:32:40.189Z] >>> HTTP REQUEST GET https://serviceusage.googleapis.com/v1/projects/anii-420/services/cloudfunctions.googleapis.com  
 
[debug] [2019-10-07T04:32:40.190Z] >>> HTTP REQUEST GET https://serviceusage.googleapis.com/v1/projects/anii-420/services/runtimeconfig.googleapis.com  
 
[debug] [2019-10-07T04:32:41.668Z] <<< HTTP RESPONSE 200
[debug] [2019-10-07T04:32:41.737Z] <<< HTTP RESPONSE 200
[info] +  functions: all necessary APIs are enabled
[debug] [2019-10-07T04:32:41.751Z] >>> HTTP REQUEST GET https://firebase.googleapis.com/v1beta1/projects/anii-420/adminSdkConfig  
 
[debug] [2019-10-07T04:32:42.110Z] <<< HTTP RESPONSE 200
[debug] [2019-10-07T04:32:42.113Z] >>> HTTP REQUEST POST https://firebasehosting.googleapis.com/v1beta1/sites/anii-420/versions  

[debug] [2019-10-07T04:32:44.995Z] <<< HTTP RESPONSE 200
[info] i  storage: uploading rules storage.rules...
[debug] [2019-10-07T04:32:45.000Z] >>> HTTP REQUEST POST https://firebaserules.googleapis.com/v1/projects/anii-420/rulesets  

[debug] [2019-10-07T04:32:46.540Z] <<< HTTP RESPONSE 200
[debug] [2019-10-07T04:32:46.540Z] [rules] created ruleset projects/anii-420/rulesets/fbcde9eb-a390-49cf-8013-efb2e803e9ae
[info] i  firestore: uploading rules firestore.rules...
[debug] [2019-10-07T04:32:46.544Z] >>> HTTP REQUEST POST https://firebaserules.googleapis.com/v1/projects/anii-420/rulesets  

[debug] [2019-10-07T04:32:46.544Z] >>> HTTP REQUEST GET https://firestore.googleapis.com/v1beta2/projects/anii-420/databases/(default)/collectionGroups/-/indexes  
 
[debug] [2019-10-07T04:32:48.038Z] <<< HTTP RESPONSE 200
[debug] [2019-10-07T04:32:48.040Z] [rules] created ruleset projects/anii-420/rulesets/323d11f0-cc5a-4f24-8a29-1d8f7fe13d1b
[debug] [2019-10-07T04:32:48.240Z] <<< HTTP RESPONSE 200
[debug] [2019-10-07T04:32:48.240Z] >>> HTTP REQUEST GET https://firestore.googleapis.com/v1beta2/projects/anii-420/databases/(default)/collectionGroups/-/fields?filter=indexConfig.usesAncestorConfig=false  
 
