[debug] [2019-10-15T07:20:29.328Z] ----------------------------------------------------------------------
[debug] [2019-10-15T07:20:29.330Z] Command:       C:\Program Files\nodejs\node.exe C:\Users\dexin\AppData\Roaming\npm\node_modules\firebase-tools\lib\bin\firebase.js deploy --only functions:getReportData
[debug] [2019-10-15T07:20:29.330Z] CLI Version:   7.5.0
[debug] [2019-10-15T07:20:29.330Z] Platform:      win32
[debug] [2019-10-15T07:20:29.330Z] Node Version:  v10.16.3
[debug] [2019-10-15T07:20:29.331Z] Time:          Tue Oct 15 2019 18:20:29 GMT+1100 (Australian Eastern Daylight Time)
[debug] [2019-10-15T07:20:29.331Z] ----------------------------------------------------------------------
[debug] 
[debug] [2019-10-15T07:20:29.340Z] > command requires scopes: ["email","openid","https://www.googleapis.com/auth/cloudplatformprojects.readonly","https://www.googleapis.com/auth/firebase","https://www.googleapis.com/auth/cloud-platform"]
[debug] [2019-10-15T07:20:29.341Z] > authorizing via signed-in user
[debug] [2019-10-15T07:20:29.341Z] [iam] checking project anii-420 for permissions ["cloudfunctions.functions.create","cloudfunctions.functions.delete","cloudfunctions.functions.get","cloudfunctions.functions.list","cloudfunctions.functions.update","cloudfunctions.operations.get","firebase.projects.get"]
[debug] [2019-10-15T07:20:29.343Z] > refreshing access token with scopes: ["email","https://www.googleapis.com/auth/cloud-platform","https://www.googleapis.com/auth/cloudplatformprojects.readonly","https://www.googleapis.com/auth/firebase","openid"]
[debug] [2019-10-15T07:20:29.344Z] >>> HTTP REQUEST POST https://www.googleapis.com/oauth2/v3/token  
 <request body omitted>
[debug] [2019-10-15T07:20:29.715Z] <<< HTTP RESPONSE 200
[debug] [2019-10-15T07:20:29.723Z] >>> HTTP REQUEST POST https://cloudresourcemanager.googleapis.com/v1/projects/anii-420:testIamPermissions  

[debug] [2019-10-15T07:20:31.121Z] <<< HTTP RESPONSE 200
[info] 
[info] === Deploying to 'anii-420'...
[info] 
[info] i  deploying functions
[info] Running command: npm --prefix "$RESOURCE_DIR" run lint
[info] Running command: npm --prefix "$RESOURCE_DIR" run build
